<?xml version="1.0" encoding="UTF-8"?>
<coverage generated="1697788485061" clover="3.2.0">
  <project timestamp="1697788485061" name="All files">
    <metrics statements="18" coveredstatements="18" conditionals="7" coveredconditionals="6" methods="8" coveredmethods="7" elements="33" coveredelements="31" complexity="0" loc="18" ncloc="18" packages="1" files="1" classes="1"/>
    <file name="clock.ts" path="/Users/maffie/Desktop/projectfie/interval-clock/src/clock.ts">
      <metrics statements="18" coveredstatements="18" conditionals="7" coveredconditionals="6" methods="8" coveredmethods="7"/>
      <line num="37" count="3" type="stmt"/>
      <line num="38" count="3" type="stmt"/>
      <line num="71" count="80" type="cond" truecount="2" falsecount="0"/>
      <line num="72" count="80" type="stmt"/>
      <line num="73" count="44" type="cond" truecount="2" falsecount="0"/>
      <line num="74" count="44" type="cond" truecount="2" falsecount="0"/>
      <line num="75" count="4" type="stmt"/>
      <line num="80" count="4" type="stmt"/>
      <line num="83" count="80" type="stmt"/>
      <line num="84" count="80" type="stmt"/>
      <line num="87" count="3" type="stmt"/>
      <line num="92" count="3" type="stmt"/>
      <line num="101" count="1" type="stmt"/>
      <line num="114" count="2" type="stmt"/>
      <line num="120" count="2" type="stmt"/>
      <line num="122" count="2" type="stmt"/>
      <line num="123" count="2" type="stmt"/>
      <line num="127" count="2" type="stmt"/>
    </file>
  </project>
</coverage>
