TN:
SF:src/clock.ts
FN:37,(anonymous_0)
FN:70,tick
FN:83,(anonymous_2)
FN:91,(anonymous_3)
FN:100,(anonymous_4)
FN:113,(anonymous_5)
FN:117,(anonymous_6)
FN:121,(anonymous_7)
FNF:8
FNH:7
FNDA:3,(anonymous_0)
FNDA:80,tick
FNDA:44,(anonymous_2)
FNDA:3,(anonymous_3)
FNDA:1,(anonymous_4)
FNDA:2,(anonymous_5)
FNDA:0,(anonymous_6)
FNDA:2,(anonymous_7)
DA:37,3
DA:38,3
DA:71,80
DA:72,80
DA:73,44
DA:74,44
DA:75,4
DA:80,4
DA:83,80
DA:84,80
DA:87,3
DA:92,3
DA:101,1
DA:114,2
DA:120,2
DA:122,2
DA:123,2
DA:127,2
LF:18
LH:18
BRDA:71,0,0,3
BRDA:71,0,1,77
BRDA:73,1,0,3
BRDA:73,1,1,41
BRDA:74,2,0,4
BRDA:74,2,1,40
BRDA:100,3,0,0
BRF:7
BRH:6
end_of_record
